<?xml version="1.0" encoding="UTF-8"?>
<testng-results ignored="0" total="1" passed="1" failed="0" skipped="0">
  <reporter-output>
  </reporter-output>
  <suite started-at="2022-02-23T11:54:58 NPT" name="Default suite" finished-at="2022-02-23T11:55:00 NPT" duration-ms="1632">
    <groups>
    </groups>
    <test started-at="2022-02-23T11:54:58 NPT" name="Default test" finished-at="2022-02-23T11:55:00 NPT" duration-ms="1632">
      <class name="seva.login">
        <test-method is-config="true" signature="setup()[pri:0, instance:seva.login@20deea7f]" started-at="2022-02-23T11:54:58 NPT" name="setup" finished-at="2022-02-23T11:54:59 NPT" duration-ms="450" status="PASS">
          <reporter-output>
          </reporter-output>
        </test-method> <!-- setup -->
        <test-method signature="statusCodeVerification()[pri:0, instance:seva.login@20deea7f]" started-at="2022-02-23T11:54:59 NPT" name="statusCodeVerification" finished-at="2022-02-23T11:55:00 NPT" duration-ms="1155" status="PASS">
          <reporter-output>
          </reporter-output>
        </test-method> <!-- statusCodeVerification -->
      </class> <!-- seva.login -->
    </test> <!-- Default test -->
  </suite> <!-- Default suite -->
</testng-results>
